
ROM used:   2881/8192 (35%)
            2964/8192 (36%) including unused fragments

            0.8 Average locations per line
            3.3 Average locations per statement

RAM used:   94/368 (26%) at main() level
            167/368 (45%) worst case

Stack used: 8 worst case (8 in main + 0 for interrupts)
Stack size: 8

Lines Stmts  %   Files
----- ----- ---  -----
  519   296  34  simon.c
  672     0   0  16F877A.h
 1351   359  41  stdlib.h
   32     0   0  stddef.h
  423   125  14  string.h
   28     0   0  ctype.h
  459   100  11  lcd.c
----- -----
 3484   880 Total

Page ROM  %  RAM   Vol Diff  Functions:
---- --- --- ---   --- ----  ----------
 Inline        13             @MUL3232
 Inline         4   101  3.8  rand
0     39   1    5             @DIV1616
 Inline         5             @MUL1616
0     20   1    1             @delay_ms1
0     17   1    1             @delay_us1
 Inline         3   760  4.5  lcd_read_byte
0     51   2    2   262  3.7  lcd_read_nibble
0     58   2    1   399  2.4  lcd_send_nibble
0    100   3    3   415  3.7  lcd_send_byte
0     82   3    6   852  6.2  lcd_init
0     20   1    4   208  6.3  lcd_gotoxy
0     58   2    1   354  4.7  lcd_putc
 Inline        13             @DIV3232
0    208   7   11   325  5.3  tone
0     13   0    0    33  0.9  limpa_display
0      1   0    0             @const951
0    116   4    4             @PSTRINGC7_919
0    187   6    3  1181  6.4  exibe_nivel
0     23   1    3             @DIV88
0    130   5   27   763  6.3  start_game
0      9   0    0             @const963
0      7   0    0             @const964
0    165   6   45   805  4.4  game_over
0      6   0    0             @const969
0      5   0    0             @const970
0    122   4    5             @PSTRINGCN7_919
0     99   3    6             @PRINTF_D_919
0    126   4    1   681  6.2  playSeq
0      8   0    0             @goto12032
1    275  10    2  1858  6.9  ler_player
0      8   0    0             @const984
0     15   1    2    93  3.3  init_seq
0     13   0    2    93  3.3  init_seqPlayer
0    175   6    4   142  3.9  gerar_seq
1    641  22    2  4563  8.4  MAIN
0      9   0    0             @const995
0      8   0    0             @const996
0      7   0    0             @const997
0      5   0    0             @const998
0      8   0    0             @const999
0      8   0    0             @const1000
0      7   0    0             @const1001
0      7   0    0             @const1002
0      5   0    0             @const1003
0      7   0    0             @const1004
0      9   0    0             @const1006
 Inline         0             @cinit1

Program metrics:
    Functions               19
    Statements              880
    Comments                1223
    Volume (V)              21649
    Difficulty (D)          89.5
    Effort to implement (E) 1936793
    Time to implement (T)   29 hours, 53 minutes
    Est Delivered Bugs (B)  5
    Cyclomatic Complexity   48
    Maintainability (MI)    65

 Segment     Used  Free
-----------  ----  ----
00000-00003     4  0  
00004-007FF  1961  83  
00800-00FFF   916  1132  
01000-017FF     0  2048  
01800-01FFF     0  2048  



