
ROM used:   2315/8192 (28%)
            2463/8192 (30%) including unused fragments

            0.7 Average locations per line
            3.1 Average locations per statement

RAM used:   84/368 (23%) at main() level
            203/368 (55%) worst case

Stack used: 7 worst case (7 in main + 0 for interrupts)
Stack size: 8

Lines Stmts  %   Files
----- ----- ---  -----
    3     0   0  $linker.c
  275   167  23  simon.c
  672     0   0  16F877A.h
 1351   359  49  stdlib.h
   32     0   0  stddef.h
  423   125  17  string.h
   28     0   0  ctype.h
  459    84  11  lcd.c
----- -----
 3243   735 Total

Page ROM  %  RAM   Vol Diff  Functions:
---- --- --- ---   --- ----  ----------
 Inline        13             @MULFF
 Inline         2             @ITOF
0    204   9   14             @DIVFF
 Inline        13             @MUL3232
 Inline         4   101  3.8  rand
 Inline         5             @DIV1616
0     20   1    1             @delay_ms1
0     17   1    1             @delay_us1
0     33   1    4             @SFTOI
0    340  15   15   327  5.2  playTone
0    139   6    1   664  5.8  playSeq
0      8   0    0             @goto11895
0     78   3    3   621  5.9  ler_player
0     13   1    0    33  0.9  limpa_display
0      1   0    0             @const955
0    116   5    4             @PSTRINGC7_920
0    168   7   45   754  6.3  start_game
0      9   0    0             @const960
0      7   0    0             @const961
0    191   8   75   693  4.3  game_over
0      6   0    0             @const966
0     20   1    2   125  3.4  init_seq
0    189   8    4   142  3.9  gerar_seq
1    415  18    4  3092  8.8  MAIN
0      9   0    0             @const976
0      8   0    0             @const977
0      7   0    0             @const978
0      8   0    0             @const979
0      8   0    0             @const980
0      7   0    0             @const981
0      7   0    0             @const982
0      5   0    0             @const983
0      7   0    0             @const984
 Inline         3   596  5.9  lcd_read_byte
0      6   0    0    59  4.2  lcd_read_nibble
0     19   1    1   179  3.3  lcd_send_nibble
0     86   4    3   460  4.7  lcd_send_byte
0     74   3    6   814  7.2  lcd_init
0     22   1    4   208  6.3  lcd_gotoxy
0     64   3    1   354  4.7  lcd_putc
 Inline         0             @cinit1

Program metrics:
    Functions               17
    Statements              735
    Comments                63
    Volume (V)              14640
    Difficulty (D)          81.4
    Effort to implement (E) 1190992
    Time to implement (T)   18 hours, 23 minutes
    Est Delivered Bugs (B)  4
    Cyclomatic Complexity   39
    Maintainability (MI)    82

 Segment     Used  Free
-----------  ----  ----
00000-00003     4  0  
00004-007FF  1896  148  
00800-00FFF   415  1633  
01000-017FF     0  2048  
01800-01FFF     0  2048  



